<?xml version="1.0" encoding="UTF-8"?><testsuite name="nosetests" tests="8" errors="0" failures="0" skip="0"><testcase classname="nose.failure.Failure" name="runTest" time="0.000"></testcase><testcase classname="dryxPython.tests.TestUM" name="test_numbers_5_6" time="0.000"></testcase><testcase classname="dryxPython.tests.TestUM" name="test_strings_b_2" time="0.000"></testcase><testcase classname="dryxPython.tests" name="test_numbers_3_4" time="0.000"></testcase><testcase classname="dryxPython.tests" name="test_strings_a_3" time="0.000"></testcase><testcase classname="nose.failure.Failure" name="runTest" time="0.000"></testcase><testcase classname="dryxPython.tests.dest_joke.TestConvertFitsToDictionary" name="test_is_string" time="0.000"></testcase><testcase classname="dryxPython.tests.test_fitstools" name="test_convert_fits_header_to_dictionary" time="0.000"></testcase></testsuite>